<?xml version="1.0" encoding="UTF-8"?>
<!-- Generated by org.testng.reporters.JUnitXMLReporter -->
<testsuite hostname="User-PC" name="Default test" tests="4" failures="0" timestamp="8 Dec 2016 00:42:33 GMT" time="98.853" errors="0">
  <testcase name="testlogin" time="20.509" classname="com.vmetry.testcases.LoginPageTest"/>
  <testcase name="testlogin" time="17.719" classname="com.vmetry.testcases.LoginPageTest"/>
  <testcase name="testlogin" time="17.105" classname="com.vmetry.testcases.LoginPageTest"/>
  <testcase name="testlogin" time="10.793" classname="com.vmetry.testcases.LoginPageTest"/>
</testsuite> <!-- Default test -->
