<?xml version="1.0" encoding="UTF-8"?>
<testsuite name="TestSuite" time="20.513" tests="4" errors="0" skipped="0" failures="0">
  <properties>
[...]
</properties>
  <testcase name="testlogin" classname="com.vmetry.testcases.LoginPageTest" time="20.513"/>
  <testcase name="testlogin" classname="com.vmetry.testcases.LoginPageTest" time="17.719"/>
  <testcase name="testlogin" classname="com.vmetry.testcases.LoginPageTest" time="17.105"/>
  <testcase name="testlogin" classname="com.vmetry.testcases.LoginPageTest" time="10.793"/>
</testsuite>